[03/04/2018 03:17:14] JoeSorensen submitted 1n5p3c7_3l3m3n7 with kpm 0 [CORRECT]
[03/04/2018 03:18:16] JoeSorensen submitted welcome_to_introctf with kpm 0 [CORRECT]
[03/04/2018 03:19:16] JoeSorensen submitted l00k1n6_47_f1l35 with kpm 0 [CORRECT]
[03/04/2018 03:33:42] JoeSorensen submitted b37ch4_w15h_y0u_c0uld_h4v3_d0n3_4_wh015 with kpm 0 [CORRECT]
[03/05/2018 14:44:27] mrLein submitted 1n5p3c7_3l3m3n7 with kpm 0 [CORRECT]
[03/05/2018 16:26:12] Mikerific submitted 1n5p3c7_3l3m3n7 with kpm 0 [CORRECT]
[03/05/2018 16:26:34] Mikerific submitted welcome_to_introctf with kpm 0 [CORRECT]
[03/05/2018 16:27:36] Mikerific submitted l00k1n6_47_f1l35 with kpm 0 [CORRECT]
[03/05/2018 16:35:46] Mikerific submitted b37ch4_w15h_y0u_c0uld_h4v3_d0n3_4_wh015 with kpm 0 [CORRECT]
03/05/2018 16:35:55 submitted Mikerific with kpm b37ch4_w15h_y0u_c0uld_h4v3_d0n3_4_wh015 [ALREADY SOLVED]
[03/05/2018 16:36:46] Mikerific submitted 1_4m_v3ry_5urpr153d with kpm 0 [CORRECT]
[03/05/2018 16:37:18] Mikerific submitted fr0m_n0w_0n_u53_n1c3_v4r14bl3_n4m35 with kpm 0 [CORRECT]
[03/05/2018 19:16:58] Mikerific submitted w3ll_7h47_w45n'7_7h47_h4rd with kpm 0 [CORRECT]
[03/06/2018 14:50:33] GideonJura submitted intro{l00k1n6_47_f1l35} with kpm 0 [WRONG]
[03/06/2018 14:50:39] GideonJura submitted l00k1n6_47_f1l35 with kpm 1 [CORRECT]
[03/06/2018 14:54:45] GideonJura submitted w3ll_7h47_w45n'7_7h47_h4rd with kpm 0 [CORRECT]
[03/06/2018 15:12:35] Mikerific submitted this_is_a_flag with kpm 0 [CORRECT]
[03/06/2018 18:22:18] Mikerific submitted vigenere_is_fun with kpm 0 [WRONG]
[03/06/2018 18:22:55] Mikerific submitted vigenere_is_fun with kpm 1 [CORRECT]
[03/06/2018 18:57:20] Mikerific submitted how_did_you_do_it? with kpm 0 [CORRECT]
[03/06/2018 19:52:16] mrLein submitted this_is_a_flag with kpm 0 [CORRECT]
[03/06/2018 19:54:56] mrLein submitted welcome_to_introctf with kpm 0 [CORRECT]
[03/06/2018 19:57:09] mrLein submitted l00k1n6_47_f1l35 with kpm 0 [CORRECT]
[03/06/2018 20:01:35] mrLein submitted THIS_IS_NOT_SECURE with kpm 0 [WRONG]
[03/06/2018 20:02:36] mrLein submitted THIS_IS_NOT_SECURE with kpm 0 [CORRECT]
[03/06/2018 20:51:54] Mikerific submitted HOW_DID_YOU_DO_IT? with kpm 0 [CORRECT]
[03/07/2018 15:54:03] JoeSorensen submitted this_is_a_flag with kpm 0 [CORRECT]
[03/07/2018 15:58:21] JoeSorensen submitted vigenere_is_fun with kpm 0 [CORRECT]
[03/07/2018 16:03:07] JoeSorensen submitted THIS_IS_NOT_SECURE with kpm 0 [CORRECT]
[03/07/2018 16:07:19] JoeSorensen submitted HOW_DID_YOU_DO_IT? with kpm 0 [CORRECT]
03/07/2018 16:09:15 submitted Mikerific with kpm this_is_a_flag [ALREADY SOLVED]
